<?xml version="1.0" encoding="UTF-8"?>
<testng-results skipped="0" failed="0" total="1" passed="1">
  <reporter-output>
  </reporter-output>
  <suite name="InboxLettersTest" duration-ms="17400" started-at="2016-09-26T21:25:43Z" finished-at="2016-09-26T21:26:01Z">
    <groups>
    </groups>
    <test name="Command line test" duration-ms="17400" started-at="2016-09-26T21:25:43Z" finished-at="2016-09-26T21:26:01Z">
      <class name="InboxLettersTest">
        <test-method status="PASS" signature="setup()[pri:0, instance:InboxLettersTest@90f6bfd]" name="setup" is-config="true" duration-ms="3926" started-at="2016-09-27T00:25:43Z" finished-at="2016-09-27T00:25:47Z">
          <reporter-output>
          </reporter-output>
        </test-method> <!-- setup -->
        <test-method status="PASS" signature="checkInboxLetters()[pri:0, instance:InboxLettersTest@90f6bfd]" name="checkInboxLetters" duration-ms="13229" started-at="2016-09-27T00:25:47Z" finished-at="2016-09-27T00:26:01Z">
          <reporter-output>
          </reporter-output>
        </test-method> <!-- checkInboxLetters -->
        <test-method status="PASS" signature="tearDown()[pri:0, instance:InboxLettersTest@90f6bfd]" name="tearDown" is-config="true" duration-ms="213" started-at="2016-09-27T00:26:01Z" finished-at="2016-09-27T00:26:01Z">
          <reporter-output>
          </reporter-output>
        </test-method> <!-- tearDown -->
      </class> <!-- InboxLettersTest -->
    </test> <!-- Command line test -->
  </suite> <!-- InboxLettersTest -->
</testng-results>
